2020-08-30 18:16 INFO	Connecting to the server...
2020-08-30 18:16 SUCCESS	Connected to server successfully!
2020-08-30 18:16 INFO	Heartbeat -> 1689236904
2020-08-30 18:16 SUCCESS	Connected to server successfully!
2020-08-30 18:16 INFO	Heartbeat -> 1689236904
2020-08-30 18:16 INFO	GroupMsg ->  {'FromGroupId': 383770908, 'FromGroupName': 'å¸è±ªé«˜ç´šå¨›æ¨‚æœƒæ‰€', 'FromUserId': 2450459910, 'FromNickName': 'å‡¤é£žç¿±ç¿”å…®ä¸·', 'Content': 'çŠ¶æ€', 'MsgType': 'TextMsg', 'MsgTime': 1598782586, 'MsgSeq': 133764, 'MsgRandom': 1039407520, 'RedBaginfo': None}
2020-08-30 18:16 INFO	GroupMsg ->  {'FromGroupId': 383770908, 'FromGroupName': 'å¸è±ªé«˜ç´šå¨›æ¨‚æœƒæ‰€', 'FromUserId': 1689236904, 'FromNickName': 'è½ä¼æœºå™¨äºº', 'Content': 'BOTè¿è¡ŒçŠ¶æ€: \nClusterIP: 172.27.0.11\nGCTime: 0.000s\nVersion:v3.1.1\nTotalAlloc: 15 MB\nServerRuntime: 0å¤©0å°æ—¶0åˆ†5ç§’\nç­‰çº§20|ä»Šæ—¥åŠ é€Ÿ0.0å¤©|ç´¯è®¡åŠ é€Ÿ0.0å¤©|å‡çº§æ‰€éœ€4.2å¤©|å‡çº§å‘¨æœŸ13å¤©|ç©ºé—´è®¿å®¢0äºº', 'MsgType': 'TextMsg', 'MsgTime': 1598782586, 'MsgSeq': 133765, 'MsgRandom': 1598782586, 'RedBaginfo': None}
2020-08-30 18:16 INFO	GroupMsg ->  {'FromGroupId': 383770908, 'FromGroupName': 'å¸è±ªé«˜ç´šå¨›æ¨‚æœƒæ‰€', 'FromUserId': 2450459910, 'FromNickName': 'å‡¤é£žç¿±ç¿”å…®ä¸·', 'Content': 'èµžæˆ‘', 'MsgType': 'TextMsg', 'MsgTime': 1598782590, 'MsgSeq': 133766, 'MsgRandom': 4179750363, 'RedBaginfo': None}
2020-08-30 18:16 INFO	GroupMsg ->  {'FromGroupId': 383770908, 'FromGroupName': 'å¸è±ªé«˜ç´šå¨›æ¨‚æœƒæ‰€', 'FromUserId': 1689236904, 'FromNickName': 'è½ä¼æœºå™¨äºº', 'Content': '{"Content":"@å‡¤é£žç¿±ç¿”å…®ä¸· \\nä»Šæ—¥å·²èµž!","UserID":[2450459910]}', 'MsgType': 'AtMsg', 'MsgTime': 1598782590, 'MsgSeq': 133767, 'MsgRandom': 1598782590, 'RedBaginfo': None}
2020-08-30 18:16 INFO	GroupMsg ->  {'FromGroupId': 383770908, 'FromGroupName': 'å¸è±ªé«˜ç´šå¨›æ¨‚æœƒæ‰€', 'FromUserId': 2450459910, 'FromNickName': 'å‡¤é£žç¿±ç¿”å…®ä¸·', 'Content': 'èµžæˆ‘', 'MsgType': 'TextMsg', 'MsgTime': 1598782614, 'MsgSeq': 133768, 'MsgRandom': 667014891, 'RedBaginfo': None}
2020-08-30 18:16 INFO	GroupMsg ->  {'FromGroupId': 383770908, 'FromGroupName': 'å¸è±ªé«˜ç´šå¨›æ¨‚æœƒæ‰€', 'FromUserId': 845324058, 'FromNickName': 'å‡¤é£žç¿±ç¿”å…®ä¸·ðŸ¤–', 'Content': '{"Content":"@å‡¤é£žç¿±ç¿”å…®ä¸· \\nä»Šæ—¥å·²èµž!","UserID":[2450459910]}', 'MsgType': 'AtMsg', 'MsgTime': 1598782615, 'MsgSeq': 133769, 'MsgRandom': 1598782615, 'RedBaginfo': None}
2020-08-30 18:16 INFO	GroupMsg ->  {'FromGroupId': 383770908, 'FromGroupName': 'å¸è±ªé«˜ç´šå¨›æ¨‚æœƒæ‰€', 'FromUserId': 1689236904, 'FromNickName': 'è½ä¼æœºå™¨äºº', 'Content': '{"Content":"@å‡¤é£žç¿±ç¿”å…®ä¸· \\næ­£åœ¨èµž...","UserID":[2450459910]}', 'MsgType': 'AtMsg', 'MsgTime': 1598782615, 'MsgSeq': 133770, 'MsgRandom': 1598782615, 'RedBaginfo': None}
2020-08-30 18:17 INFO	GroupMsg ->  {'FromGroupId': 383770908, 'FromGroupName': 'å¸è±ªé«˜ç´šå¨›æ¨‚æœƒæ‰€', 'FromUserId': 2450459910, 'FromNickName': 'å‡¤é£žç¿±ç¿”å…®ä¸·', 'Content': '#èµžæˆ‘', 'MsgType': 'TextMsg', 'MsgTime': 1598782620, 'MsgSeq': 133771, 'MsgRandom': 1224455085, 'RedBaginfo': None}
2020-08-30 18:17 INFO	GroupMsg ->  {'FromGroupId': 383770908, 'FromGroupName': 'å¸è±ªé«˜ç´šå¨›æ¨‚æœƒæ‰€', 'FromUserId': 1689236904, 'FromNickName': 'è½ä¼æœºå™¨äºº', 'Content': 'ä½ å·²ç»èµžè¿‡äº†ï¼Œè¯·æ˜Žå¤©åœ¨æ¥å§~', 'MsgType': 'TextMsg', 'MsgTime': 1598782620, 'MsgSeq': 133772, 'MsgRandom': 1598782620, 'RedBaginfo': None}
2020-08-30 18:17 INFO	GroupMsg ->  {'FromGroupId': 383770908, 'FromGroupName': 'å¸è±ªé«˜ç´šå¨›æ¨‚æœƒæ‰€', 'FromUserId': 845324058, 'FromNickName': 'å‡¤é£žç¿±ç¿”å…®ä¸·ðŸ¤–', 'Content': '{"Content":"@å‡¤é£žç¿±ç¿”å…®ä¸· \\nä»Šæ—¥å·²èµž!","UserID":[2450459910]}', 'MsgType': 'AtMsg', 'MsgTime': 1598782620, 'MsgSeq': 133773, 'MsgRandom': 1598782620, 'RedBaginfo': None}
2020-08-30 18:17 INFO	Heartbeat -> 1689236904
2020-08-30 18:17 INFO	GroupMsg ->  {'FromGroupId': 383770908, 'FromGroupName': 'å¸è±ªé«˜ç´šå¨›æ¨‚æœƒæ‰€', 'FromUserId': 1689236904, 'FromNickName': 'è½ä¼æœºå™¨äºº', 'Content': '{"Content":"@å‡¤é£žç¿±ç¿”å…®ä¸· \\nèµžå®Œå•¦~","UserID":[2450459910]}', 'MsgType': 'AtMsg', 'MsgTime': 1598782639, 'MsgSeq': 133774, 'MsgRandom': 1598782639, 'RedBaginfo': None}
2020-08-30 18:17 INFO	Heartbeat -> 1689236904
2020-08-30 18:17 INFO	EventMsg ->  {'EventData': {'AdminUserID': 845324058, 'GroupID': 383770908, 'MsgRandom': 1598782615, 'MsgSeq': 133769, 'UserID': 845324058}, 'EventMsg': {'FromUin': 383770908, 'ToUin': 0, 'MsgType': 'ON_EVENT_GROUP_REVOKE', 'MsgSeq': 133769, 'Content': 'ç¾¤æˆå‘˜æ’¤å›žæ¶ˆæ¯äº‹ä»¶', 'RedBaginfo': None}, 'EventName': 'ON_EVENT_GROUP_REVOKE'}
2020-08-30 18:17 INFO	EventMsg ->  {'EventData': {'AdminUserID': 845324058, 'GroupID': 383770908, 'MsgRandom': 1598782620, 'MsgSeq': 133773, 'UserID': 845324058}, 'EventMsg': {'FromUin': 383770908, 'ToUin': 0, 'MsgType': 'ON_EVENT_GROUP_REVOKE', 'MsgSeq': 133773, 'Content': 'ç¾¤æˆå‘˜æ’¤å›žæ¶ˆæ¯äº‹ä»¶', 'RedBaginfo': None}, 'EventName': 'ON_EVENT_GROUP_REVOKE'}
2020-08-30 18:17 INFO	GroupMsg ->  {'FromGroupId': 383770908, 'FromGroupName': 'å¸è±ªé«˜ç´šå¨›æ¨‚æœƒæ‰€', 'FromUserId': 1300894976, 'FromNickName': 'ä¼šæ‰€åˆ›å§‹äºº', 'Content': 'èµžæˆ‘', 'MsgType': 'TextMsg', 'MsgTime': 1598782662, 'MsgSeq': 133775, 'MsgRandom': 282906506, 'RedBaginfo': None}
2020-08-30 18:17 INFO	GroupMsg ->  {'FromGroupId': 383770908, 'FromGroupName': 'å¸è±ªé«˜ç´šå¨›æ¨‚æœƒæ‰€', 'FromUserId': 1689236904, 'FromNickName': 'è½ä¼æœºå™¨äºº', 'Content': '{"Content":"@\u202d \\næ­£åœ¨èµž...","UserID":[1300894976]}', 'MsgType': 'AtMsg', 'MsgTime': 1598782663, 'MsgSeq': 133776, 'MsgRandom': 1598782662, 'RedBaginfo': None}
2020-08-30 18:17 INFO	GroupMsg ->  {'FromGroupId': 383770908, 'FromGroupName': 'å¸è±ªé«˜ç´šå¨›æ¨‚æœƒæ‰€', 'FromUserId': 845324058, 'FromNickName': 'å‡¤é£žç¿±ç¿”å…®ä¸·ðŸ¤–', 'Content': '{"Content":"@\u202d \\nä»Šæ—¥å·²èµž!","UserID":[1300894976]}', 'MsgType': 'AtMsg', 'MsgTime': 1598782663, 'MsgSeq': 133777, 'MsgRandom': 1598782662, 'RedBaginfo': None}
2020-08-30 18:18 INFO	GroupMsg ->  {'FromGroupId': 383770908, 'FromGroupName': 'å¸è±ªé«˜ç´šå¨›æ¨‚æœƒæ‰€', 'FromUserId': 1689236904, 'FromNickName': 'è½ä¼æœºå™¨äºº', 'Content': '{"Content":"@\u202d \\nèµžå®Œå•¦~","UserID":[1300894976]}', 'MsgType': 'AtMsg', 'MsgTime': 1598782687, 'MsgSeq': 133778, 'MsgRandom': 1598782687, 'RedBaginfo': None}
2020-08-30 18:18 INFO	Heartbeat -> 1689236904
2020-08-30 18:18 INFO	EventMsg ->  {'EventData': {'AdminUserID': 845324058, 'GroupID': 383770908, 'MsgRandom': 1598782662, 'MsgSeq': 133777, 'UserID': 845324058}, 'EventMsg': {'FromUin': 383770908, 'ToUin': 0, 'MsgType': 'ON_EVENT_GROUP_REVOKE', 'MsgSeq': 133777, 'Content': 'ç¾¤æˆå‘˜æ’¤å›žæ¶ˆæ¯äº‹ä»¶', 'RedBaginfo': None}, 'EventName': 'ON_EVENT_GROUP_REVOKE'}
2020-08-30 18:18 INFO	GroupMsg ->  {'FromGroupId': 383770908, 'FromGroupName': 'å¸è±ªé«˜ç´šå¨›æ¨‚æœƒæ‰€', 'FromUserId': 1300894976, 'FromNickName': 'ä¼šæ‰€åˆ›å§‹äºº', 'Content': '#èµžæˆ‘', 'MsgType': 'TextMsg', 'MsgTime': 1598782696, 'MsgSeq': 133779, 'MsgRandom': 715633332, 'RedBaginfo': None}
2020-08-30 18:18 INFO	GroupMsg ->  {'FromGroupId': 383770908, 'FromGroupName': 'å¸è±ªé«˜ç´šå¨›æ¨‚æœƒæ‰€', 'FromUserId': 1689236904, 'FromNickName': 'è½ä¼æœºå™¨äºº', 'Content': '{"Content":"@\u202d æ­£åœ¨èµž~~è¯·ç¨ç­‰ï¼Œå¤§æ¦‚èŠ±è´¹50så·¦å³","UserID":[1300894976]}', 'MsgType': 'AtMsg', 'MsgTime': 1598782697, 'MsgSeq': 133781, 'MsgRandom': 1598782697, 'RedBaginfo': None}
2020-08-30 18:18 INFO	GroupMsg ->  {'FromGroupId': 383770908, 'FromGroupName': 'å¸è±ªé«˜ç´šå¨›æ¨‚æœƒæ‰€', 'FromUserId': 1689236904, 'FromNickName': 'è½ä¼æœºå™¨äºº', 'Content': '{"Content":"@\u202d \\nä»Šæ—¥å·²èµž!","UserID":[1300894976]}', 'MsgType': 'AtMsg', 'MsgTime': 1598782697, 'MsgSeq': 133780, 'MsgRandom': 1598782697, 'RedBaginfo': None}
2020-08-30 18:18 INFO	GroupMsg ->  {'FromGroupId': 383770908, 'FromGroupName': 'å¸è±ªé«˜ç´šå¨›æ¨‚æœƒæ‰€', 'FromUserId': 845324058, 'FromNickName': 'å‡¤é£žç¿±ç¿”å…®ä¸·ðŸ¤–', 'Content': '{"Content":"@\u202d \\nä»Šæ—¥å·²èµž!","UserID":[1300894976]}', 'MsgType': 'AtMsg', 'MsgTime': 1598782697, 'MsgSeq': 133782, 'MsgRandom': 1598782697, 'RedBaginfo': None}
2020-08-30 18:18 INFO	Heartbeat -> 1689236904
2020-08-30 18:18 INFO	EventMsg ->  {'EventData': {'AdminUserID': 845324058, 'GroupID': 383770908, 'MsgRandom': 1598782697, 'MsgSeq': 133782, 'UserID': 845324058}, 'EventMsg': {'FromUin': 383770908, 'ToUin': 0, 'MsgType': 'ON_EVENT_GROUP_REVOKE', 'MsgSeq': 133782, 'Content': 'ç¾¤æˆå‘˜æ’¤å›žæ¶ˆæ¯äº‹ä»¶', 'RedBaginfo': None}, 'EventName': 'ON_EVENT_GROUP_REVOKE'}
2020-08-30 18:19 INFO	Heartbeat -> 1689236904
2020-08-30 18:19 INFO	GroupMsg ->  {'FromGroupId': 383770908, 'FromGroupName': 'å¸è±ªé«˜ç´šå¨›æ¨‚æœƒæ‰€', 'FromUserId': 1689236904, 'FromNickName': 'è½ä¼æœºå™¨äºº', 'Content': '{"Content":"@\u202d èµžå¥½å•¦~è¯·æŸ¥æ”¶","UserID":[1300894976]}', 'MsgType': 'AtMsg', 'MsgTime': 1598782751, 'MsgSeq': 133783, 'MsgRandom': 1598782751, 'RedBaginfo': None}
2020-08-30 18:19 INFO	Heartbeat -> 1689236904
2020-08-30 18:20 INFO	Heartbeat -> 1689236904
