2020-08-24 19:26 INFO	Connecting to the server...
2020-08-24 19:26 SUCCESS	Connected to server successfully!
2020-08-24 19:26 INFO	Heartbeat -> 845324058
2020-08-24 19:27 INFO	GroupMsg ->  {'FromGroupId': 959562190, 'FromGroupName': 'æµ‹è¯•ç¾¤', 'FromUserId': 2450459910, 'FromNickName': 'å‡¤é£žç¿±ç¿”å…®ä¸·', 'Content': '{"Content":"ä¸¢@éº»è¡£é…±","UserID":[1689236904]}', 'MsgType': 'AtMsg', 'MsgTime': 1598322433, 'MsgSeq': 5472, 'MsgRandom': 1232943999, 'RedBaginfo': None}
2020-08-24 19:27 INFO	GroupMsg ->  {'FromGroupId': 959562190, 'FromGroupName': 'æµ‹è¯•ç¾¤', 'FromUserId': 845324058, 'FromNickName': 'å‡¤é£žç¿±ç¿”å…®ä¸·ðŸ¤–', 'Content': '{"GroupPic":[{"FileId":2325923028,"FileMd5":"q3IZg5ERwSCy3d5CpB4v9A==","FileSize":213508,"ForwordBuf":"Eip7QUI3MjE5ODMtOTExMS1DMTIwLUIyREQtREU0MkE0MUUyRkY0fS5qcGc41ImL1QhgAWoQq3IZg5ERwSCy3d5CpB4v9HJaL2djaGF0cGljX25ldy84NDUzMjQwNTgvOTU5NTYyMTkwLTIzMjU5MjMwMjgtQUI3MjE5ODM5MTExQzEyMEIyRERERTQyQTQxRTJGRjQvMTk4P3Rlcm09MjU1ggFYL2djaGF0cGljX25ldy84NDUzMjQwNTgvOTU5NTYyMTkwLTIzMjU5MjMwMjgtQUI3MjE5ODM5MTExQzEyMEIyRERERTQyQTQxRTJGRjQvMD90ZXJtPTI1NbABuAO4AdUCyAGEhA3YAcYB4AGZAfoBWi9nY2hhdHBpY19uZXcvODQ1MzI0MDU4Lzk1OTU2MjE5MC0yMzI1OTIzMDI4LUFCNzIxOTgzOTExMUMxMjBCMkREREU0MkE0MUUyRkY0LzQwMD90ZXJtPTI1NYACgAOIAqkC","ForwordField":8,"Url":"http://gchat.qpic.cn/gchatpic_new/845324058/959562190-2534335053-AB7219839111C120B2DDDE42A41E2FF4/0?vuin=845324058\\u0026term=255\\u0026pictype=0"}],"Tips":"[ç¾¤å›¾ç‰‡]"}', 'MsgType': 'PicMsg', 'MsgTime': 1598322436, 'MsgSeq': 5473, 'MsgRandom': 1589303823, 'RedBaginfo': None}
2020-08-24 19:27 INFO	Heartbeat -> 845324058
2020-08-24 19:28 INFO	Heartbeat -> 845324058
2020-08-24 19:29 INFO	Heartbeat -> 845324058
2020-08-24 19:30 INFO	Heartbeat -> 845324058
2020-08-24 19:31 INFO	Heartbeat -> 845324058
2020-08-24 19:32 INFO	Heartbeat -> 845324058
2020-08-24 19:33 INFO	GroupMsg ->  {'FromGroupId': 959562190, 'FromGroupName': 'æµ‹è¯•ç¾¤', 'FromUserId': 2450459910, 'FromNickName': 'å‡¤é£žç¿±ç¿”å…®ä¸·', 'Content': '1', 'MsgType': 'TextMsg', 'MsgTime': 1598322818, 'MsgSeq': 5474, 'MsgRandom': 3023297702, 'RedBaginfo': None}
2020-08-24 19:33 INFO	FriendMsg ->  {'FromUin': 2450459910, 'ToUin': 845324058, 'MsgType': 'TextMsg', 'MsgSeq': 19023, 'Content': '1', 'RedBaginfo': None}
2020-08-24 19:33 INFO	FriendMsg ->  {'FromUin': 845324058, 'ToUin': 2450459910, 'MsgType': 'TextMsg', 'MsgSeq': 16502, 'Content': '1', 'RedBaginfo': None}
2020-08-24 19:33 INFO	Heartbeat -> 845324058
2020-08-24 19:34 INFO	FriendMsg ->  {'FromUin': 2450459910, 'ToUin': 845324058, 'MsgType': 'TextMsg', 'MsgSeq': 19024, 'Content': '1', 'RedBaginfo': None}
2020-08-24 19:34 INFO	FriendMsg ->  {'FromUin': 845324058, 'ToUin': 2450459910, 'MsgType': 'TextMsg', 'MsgSeq': 16507, 'Content': '1', 'RedBaginfo': None}
2020-08-24 19:34 INFO	Heartbeat -> 845324058
2020-08-24 19:35 INFO	Heartbeat -> 845324058
2020-08-24 19:36 INFO	Heartbeat -> 845324058
2020-08-24 19:37 INFO	Heartbeat -> 845324058
2020-08-24 19:38 INFO	Heartbeat -> 845324058
2020-08-24 19:38 INFO	FriendMsg ->  {'FromUin': 2450459910, 'ToUin': 845324058, 'MsgType': 'TextMsg', 'MsgSeq': 19025, 'Content': '1', 'RedBaginfo': None}
2020-08-24 19:38 INFO	FriendMsg ->  {'FromUin': 845324058, 'ToUin': 2450459910, 'MsgType': 'TextMsg', 'MsgSeq': 16530, 'Content': '1', 'RedBaginfo': None}
2020-08-24 19:39 INFO	Heartbeat -> 845324058
2020-08-24 19:40 INFO	Heartbeat -> 845324058
2020-08-24 19:41 INFO	Heartbeat -> 845324058
2020-08-24 19:42 INFO	FriendMsg ->  {'FromUin': 2450459910, 'ToUin': 845324058, 'MsgType': 'TextMsg', 'MsgSeq': 19026, 'Content': '2', 'RedBaginfo': None}
2020-08-24 19:42 INFO	FriendMsg ->  {'FromUin': 845324058, 'ToUin': 2450459910, 'MsgType': 'TextMsg', 'MsgSeq': 16545, 'Content': '2', 'RedBaginfo': None}
2020-08-24 19:42 INFO	Heartbeat -> 845324058
2020-08-24 19:43 INFO	Heartbeat -> 845324058
2020-08-24 19:44 INFO	Heartbeat -> 845324058
2020-08-24 19:45 INFO	GroupMsg ->  {'FromGroupId': 661780072, 'FromGroupName': 'è‰¾ç³åŽæ´å›¢', 'FromUserId': 1326929802, 'FromNickName': 'æ™¨æ›¦', 'Content': '{"GroupPic":[{"FileId":2743671080,"FileMd5":"O2AAduGONlOtSLhYxH3hHA==","FileSize":85393,"ForwordBuf":"EiQzQjYwMDA3NkUxOEUzNjUzQUQ0OEI4NThDNDdERTExQy5qcGcyVhU2IDg2ZUExQmEzODkxOTI4NmZhMTQwNzkgICAgICA1MHZ2SW1rMnVQbmd0Y0dZemIzQjYwMDA3NkUxOEUzNjUzQUQ0OEI4NThDNDdERTExQy5qcGdBOKiypJwKQPmAhf0GSFBQQloQdnZJbWsydVBuZ3RjR1l6YmABahA7YAB24Y42U61IuFjEfeEcclsvZ2NoYXRwaWNfbmV3LzEzMjY5Mjk4MDIvNjYxNzgwMDcyLTI3NDM2NzEwODAtM0I2MDAwNzZFMThFMzY1M0FENDhCODU4QzQ3REUxMUMvMTk4P3Rlcm09MjU1ggFZL2djaGF0cGljX25ldy8xMzI2OTI5ODAyLzY2MTc4MDA3Mi0yNzQzNjcxMDgwLTNCNjAwMDc2RTE4RTM2NTNBRDQ4Qjg1OEM0N0RFMTFDLzA/dGVybT0yNTWgAegHsAG4A7gBxAbAAWfIAZGbBdABANgBaOABxgHoAQDwAQD6AVsvZ2NoYXRwaWNfbmV3LzEzMjY5Mjk4MDIvNjYxNzgwMDcyLTI3NDM2NzEwODAtM0I2MDAwNzZFMThFMzY1M0FENDhCODU4QzQ3REUxMUMvNDAwP3Rlcm09MjU1gALKAYgCgAOSAhoIARAAMgBKDlvliqjnlLvooajmg4VdUAB4BQ==","ForwordField":8,"Url":"http://gchat.qpic.cn/gchatpic_new/1326929802/661780072-2534335053-3B600076E18E3653AD48B858C47DE11C/0?vuin=845324058\\u0026term=255\\u0026pictype=0"}],"Tips":"[ç¾¤å›¾ç‰‡]"}', 'MsgType': 'PicMsg', 'MsgTime': 1598323507, 'MsgSeq': 121161, 'MsgRandom': 2041222480, 'RedBaginfo': None}
2020-08-24 19:45 INFO	Heartbeat -> 845324058
2020-08-24 19:46 INFO	Heartbeat -> 845324058
2020-08-24 19:47 INFO	Heartbeat -> 845324058
2020-08-24 19:48 INFO	Heartbeat -> 845324058
2020-08-24 19:49 INFO	Heartbeat -> 845324058
2020-08-24 19:50 INFO	Heartbeat -> 845324058
2020-08-24 19:51 INFO	Heartbeat -> 845324058
2020-08-24 19:52 INFO	Heartbeat -> 845324058
2020-08-24 19:53 INFO	GroupMsg ->  {'FromGroupId': 959562190, 'FromGroupName': 'æµ‹è¯•ç¾¤', 'FromUserId': 2450459910, 'FromNickName': 'å‡¤é£žç¿±ç¿”å…®ä¸·', 'Content': '2', 'MsgType': 'TextMsg', 'MsgTime': 1598324021, 'MsgSeq': 5475, 'MsgRandom': 1585879882, 'RedBaginfo': None}
2020-08-24 19:53 INFO	GroupMsg ->  {'FromGroupId': 959562190, 'FromGroupName': 'æµ‹è¯•ç¾¤', 'FromUserId': 2450459910, 'FromNickName': 'å‡¤é£žç¿±ç¿”å…®ä¸·', 'Content': '1', 'MsgType': 'TextMsg', 'MsgTime': 1598324023, 'MsgSeq': 5476, 'MsgRandom': 2937965182, 'RedBaginfo': None}
2020-08-24 19:53 INFO	GroupMsg ->  {'FromGroupId': 959562190, 'FromGroupName': 'æµ‹è¯•ç¾¤', 'FromUserId': 2450459910, 'FromNickName': 'å‡¤é£žç¿±ç¿”å…®ä¸·', 'Content': '2', 'MsgType': 'TextMsg', 'MsgTime': 1598324024, 'MsgSeq': 5477, 'MsgRandom': 845415908, 'RedBaginfo': None}
2020-08-24 19:53 INFO	Heartbeat -> 845324058
2020-08-24 19:53 INFO	GroupMsg ->  {'FromGroupId': 959562190, 'FromGroupName': 'æµ‹è¯•ç¾¤', 'FromUserId': 2450459910, 'FromNickName': 'å‡¤é£žç¿±ç¿”å…®ä¸·', 'Content': '2', 'MsgType': 'TextMsg', 'MsgTime': 1598324036, 'MsgSeq': 5478, 'MsgRandom': 3831455649, 'RedBaginfo': None}
2020-08-24 19:53 INFO	GroupMsg ->  {'FromGroupId': 959562190, 'FromGroupName': 'æµ‹è¯•ç¾¤', 'FromUserId': 2450459910, 'FromNickName': 'å‡¤é£žç¿±ç¿”å…®ä¸·', 'Content': '1', 'MsgType': 'TextMsg', 'MsgTime': 1598324038, 'MsgSeq': 5479, 'MsgRandom': 1635463400, 'RedBaginfo': None}
2020-08-24 19:53 INFO	GroupMsg ->  {'FromGroupId': 959562190, 'FromGroupName': 'æµ‹è¯•ç¾¤', 'FromUserId': 2450459910, 'FromNickName': 'å‡¤é£žç¿±ç¿”å…®ä¸·', 'Content': '2', 'MsgType': 'TextMsg', 'MsgTime': 1598324038, 'MsgSeq': 5480, 'MsgRandom': 2715722059, 'RedBaginfo': None}
2020-08-24 19:54 INFO	Heartbeat -> 845324058
2020-08-24 19:55 INFO	Heartbeat -> 845324058
2020-08-24 19:56 INFO	Heartbeat -> 845324058
2020-08-24 19:57 INFO	Heartbeat -> 845324058
2020-08-24 19:58 INFO	Heartbeat -> 845324058
2020-08-24 19:59 INFO	Heartbeat -> 845324058
2020-08-24 20:00 INFO	GroupMsg ->  {'FromGroupId': 661780072, 'FromGroupName': 'è‰¾ç³åŽæ´å›¢', 'FromUserId': 3261852923, 'FromNickName': 'æœ€è®¨åŽŒç´«äº†', 'Content': 'æŠ¢æ¥¼å¼€å§‹å•¦ã€‚\ræŠ¢æ¥¼å°†åœ¨5åˆ†é’ŸåŽç»“æŸï¼Œå‘é€æŠ¢æ¥¼ æŠ¢å ç¬¬ä¸€å', 'MsgType': 'TextMsg', 'MsgTime': 1598324402, 'MsgSeq': 121162, 'MsgRandom': 1589377663, 'RedBaginfo': None}
2020-08-24 20:00 INFO	FriendMsg ->  {'FromUin': 2450459910, 'ToUin': 845324058, 'MsgType': 'TextMsg', 'MsgSeq': 19027, 'Content': 'NATIVEQUERYç•¥ç•¥ç•¥', 'RedBaginfo': None}
2020-08-24 20:00 INFO	FriendMsg ->  {'FromUin': 845324058, 'ToUin': 2450459910, 'MsgType': 'TextMsg', 'MsgSeq': 16626, 'Content': 'NATIVEQUERYç•¥ç•¥ç•¥', 'RedBaginfo': None}
2020-08-24 20:00 INFO	Heartbeat -> 845324058
2020-08-24 20:01 INFO	Heartbeat -> 845324058
2020-08-24 20:02 INFO	FriendMsg ->  {'FromUin': 2450459910, 'ToUin': 845324058, 'MsgType': 'TextMsg', 'MsgSeq': 19028, 'Content': 'ç•¥ç•¥ç•¥', 'RedBaginfo': None}
2020-08-24 20:02 INFO	FriendMsg ->  {'FromUin': 845324058, 'ToUin': 2450459910, 'MsgType': 'TextMsg', 'MsgSeq': 16637, 'Content': 'ç•¥ç•¥ç•¥', 'RedBaginfo': None}
2020-08-24 20:02 INFO	GroupMsg ->  {'FromGroupId': 560174847, 'FromGroupName': 'å’¸é±¼å…»æ®–åŸºåœ°', 'FromUserId': 924328762, 'FromNickName': 'yang -', 'Content': 'ä»Šå¤©å°±ä¸ƒå¤•äº†ï¼Œæˆ‘é€€äº†æ— å…³ç´§è¦çš„ç¾¤ï¼Œå”¯ç‹¬è¿™ä¸ªç¾¤æˆ‘æ²¡æœ‰é€€ï¼Œå› ä¸ºç¾¤é‡Œé¢æœ‰ä¸€ä¸ªå¯¹æˆ‘æ¥è¯´å¾ˆç‰¹åˆ«çš„å¥³å­©å­ï¼Œæˆ‘ä»¬ä¸æ˜¯å¥½å‹ï¼Œæˆ‘æ¯\nå¤©åªèƒ½é€šè¿‡ç¾¤åç‰‡çœ‹çœ‹å¥¹ã€‚è™½ç„¶ä¸€å¼ ç…§ç‰‡ä¹Ÿçœ‹ä¸åˆ°ï¼Œä½†æˆ‘ä¹Ÿæ»¡è¶³äº†ï¼Œæˆ‘ä¸æ•¢è¯´å¥¹çš„åå­—ï¼Œä½†æˆ‘çŸ¥é“å¥¹æ˜¯ç¾¤é‡Œæœ€æ¼‚äº®çš„,å¸Œæœ›é‚£ä¸ªæœ€æ¼‚äº®çš„å¥³å­©å¯ä»¥ä¸»åŠ¨åŠ ä¸‹æˆ‘ã€‚', 'MsgType': 'TextMsg', 'MsgTime': 1598324563, 'MsgSeq': 78754, 'MsgRandom': 800959443, 'RedBaginfo': None}
2020-08-24 20:02 INFO	Heartbeat -> 845324058
2020-08-24 20:02 INFO	FriendMsg ->  {'FromUin': 2450459910, 'ToUin': 845324058, 'MsgType': 'TextMsg', 'MsgSeq': 19029, 'Content': 'NATIVEQUERYç•¥ç•¥ç•¥', 'RedBaginfo': None}
2020-08-24 20:02 INFO	FriendMsg ->  {'FromUin': 845324058, 'ToUin': 2450459910, 'MsgType': 'TextMsg', 'MsgSeq': 16642, 'Content': 'NATIVEQUERYç•¥ç•¥ç•¥', 'RedBaginfo': None}
2020-08-24 20:03 INFO	GroupMsg ->  {'FromGroupId': 560174847, 'FromGroupName': 'å’¸é±¼å…»æ®–åŸºåœ°', 'FromUserId': 924328762, 'FromNickName': 'yang -', 'Content': 'ä¸è°¢[è¡¨æƒ…182][è¡¨æƒ…182]', 'MsgType': 'TextMsg', 'MsgTime': 1598324587, 'MsgSeq': 78755, 'MsgRandom': 1848698009, 'RedBaginfo': None}
2020-08-24 20:03 INFO	Heartbeat -> 845324058
2020-08-24 20:03 INFO	GroupMsg ->  {'FromGroupId': 560174847, 'FromGroupName': 'å’¸é±¼å…»æ®–åŸºåœ°', 'FromUserId': 2450459910, 'FromNickName': 'å‡¤é£žç¿±ç¿”å…®ä¸·', 'Content': 'å¸…é”…  ç»™æˆ‘é‚£ä¸ªæ¶©å›¾æœºå™¨äºº å‘ä¸ªæ¶ˆæ¯å—', 'MsgType': 'TextMsg', 'MsgTime': 1598324639, 'MsgSeq': 78756, 'MsgRandom': 1376786687, 'RedBaginfo': None}
2020-08-24 20:04 INFO	GroupMsg ->  {'FromGroupId': 560174847, 'FromGroupName': 'å’¸é±¼å…»æ®–åŸºåœ°', 'FromUserId': 2450459910, 'FromNickName': 'å‡¤é£žç¿±ç¿”å…®ä¸·', 'Content': 'ç§èŠ', 'MsgType': 'TextMsg', 'MsgTime': 1598324641, 'MsgSeq': 78757, 'MsgRandom': 3125759381, 'RedBaginfo': None}
2020-08-24 20:04 INFO	GroupMsg ->  {'FromGroupId': 560174847, 'FromGroupName': 'å’¸é±¼å…»æ®–åŸºåœ°', 'FromUserId': 2450459910, 'FromNickName': 'å‡¤é£žç¿±ç¿”å…®ä¸·', 'Content': 'æˆ‘æµ‹è¯•ä¸€ä¸‹', 'MsgType': 'TextMsg', 'MsgTime': 1598324643, 'MsgSeq': 78758, 'MsgRandom': 3415354801, 'RedBaginfo': None}
2020-08-24 20:04 INFO	GroupMsg ->  {'FromGroupId': 560174847, 'FromGroupName': 'å’¸é±¼å…»æ®–åŸºåœ°', 'FromUserId': 2450459910, 'FromNickName': 'å‡¤é£žç¿±ç¿”å…®ä¸·', 'Content': '{"Content":"è¿™ä¸ª","GroupPic":[{"FileId":2327928587,"FileMd5":"EUNQk6FIbf94WWyfKlDhQg==","FileSize":2546,"ForwordBuf":"Eip7MTE0MzUwOTMtQTE0OC02REZGLTc4NTktNkM5RjJBNTBFMTQyfS5wbmciACoEAAAAADJcFTYgOTJrQTEAOGFjMTVmMGI1ZWYzZmY5ZCAgICAgIDUwICAgICAgICAgICAgICAgIHsxMTQzNTA5My1BMTQ4LTZERkYtNzg1OS02QzlGMkE1MEUxNDJ9LnBuZ0E4i76F1ghAnf/P9wVIUFAAWgBgAWoQEUNQk6FIbf94WWyfKlDhQnJbL2djaGF0cGljX25ldy8yNDUwNDU5OTEwLzU2MDE3NDg0Ny0yMzI3OTI4NTg3LTExNDM1MDkzQTE0ODZERkY3ODU5NkM5RjJBNTBFMTQyLzE5OD90ZXJtPTI1NYIBWS9nY2hhdHBpY19uZXcvMjQ1MDQ1OTkxMC81NjAxNzQ4NDctMjMyNzkyODU4Ny0xMTQzNTA5M0ExNDg2REZGNzg1OTZDOUYyQTUwRTE0Mi8wP3Rlcm09MjU1oAHpB7ABuwG4ASTIAfIT2AG7AeABJPoBWy9nY2hhdHBpY19uZXcvMjQ1MDQ1OTkxMC81NjAxNzQ4NDctMjMyNzkyODU4Ny0xMTQzNTA5M0ExNDg2REZGNzg1OTZDOUYyQTUwRTE0Mi80MDA/dGVybT0yNTWAArsBiAIk","ForwordField":8,"Url":"http://gchat.qpic.cn/gchatpic_new/2450459910/560174847-2534335053-11435093A1486DFF78596C9F2A50E142/0?vuin=845324058\\u0026term=255\\u0026pictype=0"}],"Tips":"[ç¾¤å›¾ç‰‡]"}', 'MsgType': 'PicMsg', 'MsgTime': 1598324663, 'MsgSeq': 78759, 'MsgRandom': 3441820085, 'RedBaginfo': None}
2020-08-24 20:04 INFO	GroupMsg ->  {'FromGroupId': 560174847, 'FromGroupName': 'å’¸é±¼å…»æ®–åŸºåœ°', 'FromUserId': 924328762, 'FromNickName': 'yang -', 'Content': 'ï¼Ÿï¼Ÿ', 'MsgType': 'TextMsg', 'MsgTime': 1598324680, 'MsgSeq': 78760, 'MsgRandom': 1989109754, 'RedBaginfo': None}
2020-08-24 20:04 INFO	Heartbeat -> 845324058
2020-08-24 20:04 INFO	GroupMsg ->  {'FromGroupId': 560174847, 'FromGroupName': 'å’¸é±¼å…»æ®–åŸºåœ°', 'FromUserId': 2450459910, 'FromNickName': 'å‡¤é£žç¿±ç¿”å…®ä¸·', 'Content': 'å‘äº†ä¹ˆ[è¡¨æƒ…176]', 'MsgType': 'TextMsg', 'MsgTime': 1598324699, 'MsgSeq': 78761, 'MsgRandom': 3743070645, 'RedBaginfo': None}
2020-08-24 20:05 INFO	GroupMsg ->  {'FromGroupId': 661780072, 'FromGroupName': 'è‰¾ç³åŽæ´å›¢', 'FromUserId': 3261852923, 'FromNickName': 'æœ€è®¨åŽŒç´«äº†', 'Content': 'æœ¬å±€æ— äººæŠ¢æ¥¼å‘¢ã€‚å¤§å®¶éƒ½ç¡äº†å—ï¼Ÿ', 'MsgType': 'TextMsg', 'MsgTime': 1598324702, 'MsgSeq': 121163, 'MsgRandom': 3437544402, 'RedBaginfo': None}
2020-08-24 20:05 INFO	Heartbeat -> 845324058
2020-08-24 20:06 INFO	Heartbeat -> 845324058
2020-08-24 20:06 INFO	FriendMsg ->  {'FromUin': 2450459910, 'ToUin': 845324058, 'MsgType': 'TextMsg', 'MsgSeq': 19030, 'Content': 'å•Šå•Š', 'RedBaginfo': None}
2020-08-24 20:06 INFO	FriendMsg ->  {'FromUin': 845324058, 'ToUin': 2450459910, 'MsgType': 'TextMsg', 'MsgSeq': 16659, 'Content': 'å•Šå•Š', 'RedBaginfo': None}
2020-08-24 20:06 INFO	FriendMsg ->  {'FromUin': 845324058, 'ToUin': 845324058, 'MsgType': 'TextMsg', 'MsgSeq': 16661, 'Content': 'å•Šå•Š', 'RedBaginfo': None}
2020-08-24 20:06 INFO	GroupMsg ->  {'FromGroupId': 560174847, 'FromGroupName': 'å’¸é±¼å…»æ®–åŸºåœ°', 'FromUserId': 924328762, 'FromNickName': 'yang -', 'Content': 'ç­‰ä¸‹', 'MsgType': 'TextMsg', 'MsgTime': 1598324815, 'MsgSeq': 78762, 'MsgRandom': 263480075, 'RedBaginfo': None}
2020-08-24 20:07 INFO	GroupMsg ->  {'FromGroupId': 560174847, 'FromGroupName': 'å’¸é±¼å…»æ®–åŸºåœ°', 'FromUserId': 2450459910, 'FromNickName': 'å‡¤é£žç¿±ç¿”å…®ä¸·', 'Content': 'ã€‚ã€‚ä¸ç”¨äº†  å·²ç»å¥½äº†', 'MsgType': 'TextMsg', 'MsgTime': 1598324823, 'MsgSeq': 78763, 'MsgRandom': 18153742, 'RedBaginfo': None}
2020-08-24 20:07 INFO	GroupMsg ->  {'FromGroupId': 560174847, 'FromGroupName': 'å’¸é±¼å…»æ®–åŸºåœ°', 'FromUserId': 924328762, 'FromNickName': 'yang -', 'Content': 'æˆ‘åœ¨æ‹ç…§ï¼Œæ‹¿æœ¬æœ¬', 'MsgType': 'TextMsg', 'MsgTime': 1598324827, 'MsgSeq': 78764, 'MsgRandom': 1021903985, 'RedBaginfo': None}
2020-08-24 20:07 INFO	GroupMsg ->  {'FromGroupId': 560174847, 'FromGroupName': 'å’¸é±¼å…»æ®–åŸºåœ°', 'FromUserId': 2450459910, 'FromNickName': 'å‡¤é£žç¿±ç¿”å…®ä¸·', 'Content': '{"GroupPic":[{"FileId":2526205565,"FileMd5":"X+7650/H0waWTJcvGFRWXQ==","FileSize":1928,"ForwordBuf":"Eip7NUZFRUZBRTctNEZDNy1EMzA2LTk2NEMtOTcyRjE4NTQ1NjVEfS5qcGciACoEygcLADJgFTYgOTZrRTFBOTY5MmQ2N2QzZjkwMWU2ZiAgICAgIDUwICAgICAgICAgICAgICAgIHs1RkVFRkFFNy00RkM3LUQzMDYtOTY0Qy05NzJGMTg1NDU2NUR9LmpwZzEyMTJBOP2sy7QJQO+8wPwDSFBQQVoAYAFqEF/u+udPx9MGlkyXLxhUVl1yWy9nY2hhdHBpY19uZXcvMjQ1MDQ1OTkxMC81NjAxNzQ4NDctMjUyNjIwNTU2NS01RkVFRkFFNzRGQzdEMzA2OTY0Qzk3MkYxODU0NTY1RC8xOTg/dGVybT0yNTWCAVkvZ2NoYXRwaWNfbmV3LzI0NTA0NTk5MTAvNTYwMTc0ODQ3LTI1MjYyMDU1NjUtNUZFRUZBRTc0RkM3RDMwNjk2NEM5NzJGMTg1NDU2NUQvMD90ZXJtPTI1NaAB6AewAUq4AUrIAYgP2AFK4AFK+gFbL2djaGF0cGljX25ldy8yNDUwNDU5OTEwLzU2MDE3NDg0Ny0yNTI2MjA1NTY1LTVGRUVGQUU3NEZDN0QzMDY5NjRDOTcyRjE4NTQ1NjVELzQwMD90ZXJtPTI1NYACSogCSg==","ForwordField":8,"Url":"http://gchat.qpic.cn/gchatpic_new/2450459910/560174847-2534335053-5FEEFAE74FC7D306964C972F1854565D/0?vuin=845324058\\u0026term=255\\u0026pictype=0"}],"Tips":"[ç¾¤å›¾ç‰‡]"}', 'MsgType': 'PicMsg', 'MsgTime': 1598324834, 'MsgSeq': 78765, 'MsgRandom': 2394203921, 'RedBaginfo': None}
2020-08-24 20:07 INFO	Heartbeat -> 845324058
2020-08-24 20:08 INFO	GroupMsg ->  {'FromGroupId': 560174847, 'FromGroupName': 'å’¸é±¼å…»æ®–åŸºåœ°', 'FromUserId': 924328762, 'FromNickName': 'yang -', 'Content': '{"GroupPic":[{"FileId":2333571427,"FileMd5":"3m/8TuXCw/fy4hS0rG1C7w==","FileSize":10424,"ForwordBuf":"EiRkZTZmZmM0ZWU1YzJjM2Y3ZjJlMjE0YjRhYzZkNDJlZi5naWYyVhU2IDg2ZUExQjhiMTc3OTYzYjcwM2ViYmMgICAgICA1MEE0bnNoUjM5TjVNcEg4VjVkZTZmZmM0ZWU1YzJjM2Y3ZjJlMjE0YjRhYzZkNDJlZi5naWZBOOPy3dgIQLzXj7gLSFBQQloQQTRuc2hSMzlONU1wSDhWNWABahDeb/xO5cLD9/LiFLSsbULvclovZ2NoYXRwaWNfbmV3LzkyNDMyODc2Mi81NjAxNzQ4NDctMjMzMzU3MTQyNy1ERTZGRkM0RUU1QzJDM0Y3RjJFMjE0QjRBQzZENDJFRi8xOTg/dGVybT0yNTWCAVgvZ2NoYXRwaWNfbmV3LzkyNDMyODc2Mi81NjAxNzQ4NDctMjMzMzU3MTQyNy1ERTZGRkM0RUU1QzJDM0Y3RjJFMjE0QjRBQzZENDJFRi8wP3Rlcm09MjU1oAHQD7ABxgG4AaIBwAHIAcgBuFHQAQDYAcYB4AGiAegBAPABAPoBWi9nY2hhdHBpY19uZXcvOTI0MzI4NzYyLzU2MDE3NDg0Ny0yMzMzNTcxNDI3LURFNkZGQzRFRTVDMkMzRjdGMkUyMTRCNEFDNkQ0MkVGLzQwMD90ZXJtPTI1NYACxgGIAqIBkgIUCAcQABgAMgBKBlsuLi4uXVAAeAU=","ForwordField":8,"Url":"http://gchat.qpic.cn/gchatpic_new/924328762/560174847-2534335053-DE6FFC4EE5C2C3F7F2E214B4AC6D42EF/0?vuin=845324058\\u0026term=255\\u0026pictype=0"}],"Tips":"[ç¾¤å›¾ç‰‡]"}', 'MsgType': 'PicMsg', 'MsgTime': 1598324903, 'MsgSeq': 78766, 'MsgRandom': 213570620, 'RedBaginfo': None}
2020-08-24 20:08 INFO	Heartbeat -> 845324058
2020-08-24 20:09 INFO	GroupMsg ->  {'FromGroupId': 560174847, 'FromGroupName': 'å’¸é±¼å…»æ®–åŸºåœ°', 'FromUserId': 924328762, 'FromNickName': 'yang -', 'Content': '{"GroupPic":[{"FileId":2756472510,"FileMd5":"VZc/IwEdbooBJpUHFb+Jsg==","FileSize":678078,"ForwordBuf":"EiQ1NTk3M0YyMzAxMUQ2RThBMDEyNjk1MDcxNUJGODlCMi5qcGcyVhU2IDg2ZUExQmE0NGM2ZWJlNmYxZTlmYTAgICAgICA1MEE0bnNoUjM5TjVNcEg4VjU1NTk3M0YyMzAxMUQ2RThBMDEyNjk1MDcxNUJGODlCMi5qcGdBOL7dsaIKQKC/+vgGSFBQQloQQTRuc2hSMzlONU1wSDhWNWABahBVlz8jAR1uigEmlQcVv4myclovZ2NoYXRwaWNfbmV3LzkyNDMyODc2Mi81NjAxNzQ4NDctMjc1NjQ3MjUxMC01NTk3M0YyMzAxMUQ2RThBMDEyNjk1MDcxNUJGODlCMi8xOTg/dGVybT0yNTV6Wi9nY2hhdHBpY19uZXcvOTI0MzI4NzYyLzU2MDE3NDg0Ny0yNzU2NDcyNTEwLTU1OTczRjIzMDExRDZFOEEwMTI2OTUwNzE1QkY4OUIyLzcyMD90ZXJtPTI1NYIBWC9nY2hhdHBpY19uZXcvOTI0MzI4NzYyLzU2MDE3NDg0Ny0yNzU2NDcyNTEwLTU1OTczRjIzMDExRDZFOEEwMTI2OTUwNzE1QkY4OUIyLzA/dGVybT0yNTWgAegHsAG4CLgBjhHAAcgByAG+sSnQAQHYAWHgAcYB6AEA8AEA+gFaL2djaGF0cGljX25ldy85MjQzMjg3NjIvNTYwMTc0ODQ3LTI3NTY0NzI1MTAtNTU5NzNGMjMwMTFENkU4QTAxMjY5NTA3MTVCRjg5QjIvNDAwP3Rlcm09MjU1gAK9AYgCgAOSAgJ4AQ==","ForwordField":8,"Url":"http://gchat.qpic.cn/gchatpic_new/924328762/560174847-2534335053-55973F23011D6E8A0126950715BF89B2/0?vuin=845324058\\u0026term=255\\u0026pictype=0"}],"Tips":"[ç¾¤å›¾ç‰‡]"}', 'MsgType': 'PicMsg', 'MsgTime': 1598324961, 'MsgSeq': 78767, 'MsgRandom': 1654858515, 'RedBaginfo': None}
2020-08-24 20:09 INFO	GroupMsg ->  {'FromGroupId': 560174847, 'FromGroupName': 'å’¸é±¼å…»æ®–åŸºåœ°', 'FromUserId': 2450459910, 'FromNickName': 'å‡¤é£žç¿±ç¿”å…®ä¸·', 'Content': 'é©¾ç…§æœ¬æœ¬å—', 'MsgType': 'TextMsg', 'MsgTime': 1598324976, 'MsgSeq': 78768, 'MsgRandom': 3294810501, 'RedBaginfo': None}
2020-08-24 20:09 INFO	Heartbeat -> 845324058
2020-08-24 20:10 INFO	Heartbeat -> 845324058
2020-08-24 20:11 INFO	GroupMsg ->  {'FromGroupId': 959562190, 'FromGroupName': 'æµ‹è¯•ç¾¤', 'FromUserId': 2450459910, 'FromNickName': 'å‡¤é£žç¿±ç¿”å…®ä¸·', 'Content': 'çŠ¶æ€', 'MsgType': 'TextMsg', 'MsgTime': 1598325064, 'MsgSeq': 5481, 'MsgRandom': 970014267, 'RedBaginfo': None}
2020-08-24 20:11 INFO	GroupMsg ->  {'FromGroupId': 959562190, 'FromGroupName': 'æµ‹è¯•ç¾¤', 'FromUserId': 845324058, 'FromNickName': 'å‡¤é£žç¿±ç¿”å…®ä¸·ðŸ¤–', 'Content': 'ClusterIP: 192.168.126.129\nGCTime: 0.008s\nGoVersion: go1.15\nTotalAlloc: 386 MB\nServerRuntime: 0å¤©0å°æ—¶44åˆ†42ç§’', 'MsgType': 'TextMsg', 'MsgTime': 1598325064, 'MsgSeq': 5482, 'MsgRandom': 1598325064, 'RedBaginfo': None}
2020-08-24 20:11 INFO	GroupMsg ->  {'FromGroupId': 959562190, 'FromGroupName': 'æµ‹è¯•ç¾¤', 'FromUserId': 2450459910, 'FromNickName': 'å‡¤é£žç¿±ç¿”å…®ä¸·', 'Content': 'BOTè¿è¡ŒçŠ¶æ€: \rClusterIP: 192.168.1.100\rCPU: 4æ ¸\rCPUå ç”¨: 19.00%\rå†…å­˜å ç”¨: 33.10%\rGCTime: 0.158s\rVersion: v3.1.1\rTotalAlloc: 510 MB\rServerRuntime: 0å¤©0å°æ—¶14åˆ†36ç§’\rç­‰çº§20|ä»Šæ—¥åŠ é€Ÿ1.7å¤©|ç´¯è®¡åŠ é€Ÿ2.9å¤©|å‡çº§æ‰€éœ€4.2å¤©|å‡çº§å‘¨æœŸ13å¤©|ç©ºé—´è®¿å®¢0äºº', 'MsgType': 'TextMsg', 'MsgTime': 1598325077, 'MsgSeq': 5483, 'MsgRandom': 4180852758, 'RedBaginfo': None}
2020-08-24 20:11 INFO	Heartbeat -> 845324058
2020-08-24 20:12 INFO	Heartbeat -> 845324058
2020-08-24 20:13 INFO	Heartbeat -> 845324058
2020-08-24 20:14 INFO	GroupMsg ->  {'FromGroupId': 560174847, 'FromGroupName': 'å’¸é±¼å…»æ®–åŸºåœ°', 'FromUserId': 924328762, 'FromNickName': 'yang -', 'Content': 'æ©', 'MsgType': 'TextMsg', 'MsgTime': 1598325262, 'MsgSeq': 78769, 'MsgRandom': 1046093051, 'RedBaginfo': None}
2020-08-24 20:14 INFO	GroupMsg ->  {'FromGroupId': 560174847, 'FromGroupName': 'å’¸é±¼å…»æ®–åŸºåœ°', 'FromUserId': 924328762, 'FromNickName': 'yang -', 'Content': 'è½¦ç®¡æ‰€ç½‘ä¸å¥½ã€‚ã€‚ã€‚ã€‚å‘ä¸å‡ºåŽ»æ”¶ä¸åˆ°æ¶ˆæ¯', 'MsgType': 'TextMsg', 'MsgTime': 1598325262, 'MsgSeq': 78770, 'MsgRandom': 1910521887, 'RedBaginfo': None}
2020-08-24 20:14 INFO	Heartbeat -> 845324058
2020-08-24 20:15 INFO	Heartbeat -> 845324058
2020-08-24 20:16 INFO	GroupMsg ->  {'FromGroupId': 959562190, 'FromGroupName': 'æµ‹è¯•ç¾¤', 'FromUserId': 2450459910, 'FromNickName': 'å‡¤é£žç¿±ç¿”å…®ä¸·', 'Content': 'çŠ¶æ€', 'MsgType': 'TextMsg', 'MsgTime': 1598325363, 'MsgSeq': 5484, 'MsgRandom': 4230017109, 'RedBaginfo': None}
2020-08-24 20:16 INFO	GroupMsg ->  {'FromGroupId': 959562190, 'FromGroupName': 'æµ‹è¯•ç¾¤', 'FromUserId': 845324058, 'FromNickName': 'å‡¤é£žç¿±ç¿”å…®ä¸·ðŸ¤–', 'Content': 'BOTè¿è¡ŒçŠ¶æ€: ClusterIP: 192.168.126.129\nGCTime: 0.009s\nGoVersion: go1.15\nTotalAlloc: 444 MB\nServerRuntime: 0å¤©0å°æ—¶49åˆ†41ç§’', 'MsgType': 'TextMsg', 'MsgTime': 1598325363, 'MsgSeq': 5485, 'MsgRandom': 1598325363, 'RedBaginfo': None}
2020-08-24 20:16 INFO	GroupMsg ->  {'FromGroupId': 959562190, 'FromGroupName': 'æµ‹è¯•ç¾¤', 'FromUserId': 2450459910, 'FromNickName': 'å‡¤é£žç¿±ç¿”å…®ä¸·', 'Content': 'çŠ¶æ€', 'MsgType': 'TextMsg', 'MsgTime': 1598325391, 'MsgSeq': 5486, 'MsgRandom': 3415518173, 'RedBaginfo': None}
2020-08-24 20:16 INFO	GroupMsg ->  {'FromGroupId': 959562190, 'FromGroupName': 'æµ‹è¯•ç¾¤', 'FromUserId': 845324058, 'FromNickName': 'å‡¤é£žç¿±ç¿”å…®ä¸·ðŸ¤–', 'Content': 'BOTè¿è¡ŒçŠ¶æ€: \nClusterIP: 192.168.126.129\nGCTime: 0.009s\nGoVersion: go1.15\nTotalAlloc: 465 MB\nServerRuntime: 0å¤©0å°æ—¶50åˆ†9ç§’', 'MsgType': 'TextMsg', 'MsgTime': 1598325391, 'MsgSeq': 5487, 'MsgRandom': 1598325391, 'RedBaginfo': None}
2020-08-24 20:16 INFO	Heartbeat -> 845324058
2020-08-24 20:17 INFO	GroupMsg ->  {'FromGroupId': 959562190, 'FromGroupName': 'æµ‹è¯•ç¾¤', 'FromUserId': 2450459910, 'FromNickName': 'å‡¤é£žç¿±ç¿”å…®ä¸·', 'Content': 'çŠ¶æ€', 'MsgType': 'TextMsg', 'MsgTime': 1598325433, 'MsgSeq': 5488, 'MsgRandom': 2692745295, 'RedBaginfo': None}
2020-08-24 20:17 INFO	GroupMsg ->  {'FromGroupId': 959562190, 'FromGroupName': 'æµ‹è¯•ç¾¤', 'FromUserId': 845324058, 'FromNickName': 'å‡¤é£žç¿±ç¿”å…®ä¸·ðŸ¤–', 'Content': 'BOTè¿è¡ŒçŠ¶æ€: \nClusterIP: 192.168.126.129\nGCTime: 0.010s\nTotalAlloc: 485 MB\nServerRuntime: 0å¤©0å°æ—¶50åˆ†52ç§’', 'MsgType': 'TextMsg', 'MsgTime': 1598325434, 'MsgSeq': 5489, 'MsgRandom': 1598325434, 'RedBaginfo': None}
2020-08-24 20:17 INFO	Heartbeat -> 845324058
2020-08-24 20:18 INFO	GroupMsg ->  {'FromGroupId': 959562190, 'FromGroupName': 'æµ‹è¯•ç¾¤', 'FromUserId': 2450459910, 'FromNickName': 'å‡¤é£žç¿±ç¿”å…®ä¸·', 'Content': 'çŠ¶æ€', 'MsgType': 'TextMsg', 'MsgTime': 1598325526, 'MsgSeq': 5490, 'MsgRandom': 2509377441, 'RedBaginfo': None}
2020-08-24 20:18 INFO	GroupMsg ->  {'FromGroupId': 959562190, 'FromGroupName': 'æµ‹è¯•ç¾¤', 'FromUserId': 845324058, 'FromNickName': 'å‡¤é£žç¿±ç¿”å…®ä¸·ðŸ¤–', 'Content': 'BOTè¿è¡ŒçŠ¶æ€: \nClusterIP: 192.168.126.129\nGCTime: 0.010s\nVersion:v3.1.1\nTotalAlloc: 514 MB\nServerRuntime: 0å¤©0å°æ—¶52åˆ†24ç§’', 'MsgType': 'TextMsg', 'MsgTime': 1598325526, 'MsgSeq': 5491, 'MsgRandom': 1598325526, 'RedBaginfo': None}
2020-08-24 20:18 INFO	Heartbeat -> 845324058
2020-08-24 20:19 INFO	Heartbeat -> 845324058
2020-08-24 20:20 INFO	GroupMsg ->  {'FromGroupId': 959562190, 'FromGroupName': 'æµ‹è¯•ç¾¤', 'FromUserId': 2450459910, 'FromNickName': 'å‡¤é£žç¿±ç¿”å…®ä¸·', 'Content': 'çŠ¶æ€', 'MsgType': 'TextMsg', 'MsgTime': 1598325614, 'MsgSeq': 5492, 'MsgRandom': 1821833901, 'RedBaginfo': None}
2020-08-24 20:20 INFO	GroupMsg ->  {'FromGroupId': 959562190, 'FromGroupName': 'æµ‹è¯•ç¾¤', 'FromUserId': 2450459910, 'FromNickName': 'å‡¤é£žç¿±ç¿”å…®ä¸·', 'Content': 'çŠ¶æ€', 'MsgType': 'TextMsg', 'MsgTime': 1598325635, 'MsgSeq': 5493, 'MsgRandom': 2589982015, 'RedBaginfo': None}
2020-08-24 20:20 INFO	Heartbeat -> 845324058
2020-08-24 20:20 INFO	GroupMsg ->  {'FromGroupId': 959562190, 'FromGroupName': 'æµ‹è¯•ç¾¤', 'FromUserId': 2450459910, 'FromNickName': 'å‡¤é£žç¿±ç¿”å…®ä¸·', 'Content': 'å¤è¯»å“ˆå“ˆ', 'MsgType': 'TextMsg', 'MsgTime': 1598325656, 'MsgSeq': 5494, 'MsgRandom': 1911244649, 'RedBaginfo': None}
2020-08-24 20:21 INFO	GroupMsg ->  {'FromGroupId': 959562190, 'FromGroupName': 'æµ‹è¯•ç¾¤', 'FromUserId': 2450459910, 'FromNickName': 'å‡¤é£žç¿±ç¿”å…®ä¸·', 'Content': 'å¤è¯»å“ˆå“ˆ', 'MsgType': 'TextMsg', 'MsgTime': 1598325677, 'MsgSeq': 5495, 'MsgRandom': 776908090, 'RedBaginfo': None}
2020-08-24 20:21 INFO	GroupMsg ->  {'FromGroupId': 959562190, 'FromGroupName': 'æµ‹è¯•ç¾¤', 'FromUserId': 845324058, 'FromNickName': 'å‡¤é£žç¿±ç¿”å…®ä¸·ðŸ¤–', 'Content': 'å“ˆå“ˆ', 'MsgType': 'TextMsg', 'MsgTime': 1598325677, 'MsgSeq': 5496, 'MsgRandom': 1598325677, 'RedBaginfo': None}
2020-08-24 20:21 INFO	GroupMsg ->  {'FromGroupId': 959562190, 'FromGroupName': 'æµ‹è¯•ç¾¤', 'FromUserId': 2450459910, 'FromNickName': 'å‡¤é£žç¿±ç¿”å…®ä¸·', 'Content': 'çŠ¶æ€', 'MsgType': 'TextMsg', 'MsgTime': 1598325681, 'MsgSeq': 5497, 'MsgRandom': 1066125814, 'RedBaginfo': None}
2020-08-24 20:21 INFO	GroupMsg ->  {'FromGroupId': 959562190, 'FromGroupName': 'æµ‹è¯•ç¾¤', 'FromUserId': 845324058, 'FromNickName': 'å‡¤é£žç¿±ç¿”å…®ä¸·ðŸ¤–', 'Content': 'BOTè¿è¡ŒçŠ¶æ€: \nClusterIP: 192.168.126.129\nGCTime: 0.011s\nVersion:v3.1.1\nTotalAlloc: 580 MB\nServerRuntime: 0å¤©0å°æ—¶54åˆ†59ç§’', 'MsgType': 'TextMsg', 'MsgTime': 1598325681, 'MsgSeq': 5498, 'MsgRandom': 1598325681, 'RedBaginfo': None}
2020-08-24 20:21 INFO	Heartbeat -> 845324058
2020-08-24 20:22 INFO	GroupMsg ->  {'FromGroupId': 959562190, 'FromGroupName': 'æµ‹è¯•ç¾¤', 'FromUserId': 2450459910, 'FromNickName': 'å‡¤é£žç¿±ç¿”å…®ä¸·', 'Content': 'çŠ¶æ€', 'MsgType': 'TextMsg', 'MsgTime': 1598325737, 'MsgSeq': 5499, 'MsgRandom': 95816890, 'RedBaginfo': None}
2020-08-24 20:22 INFO	Heartbeat -> 845324058
2020-08-24 20:22 INFO	GroupMsg ->  {'FromGroupId': 959562190, 'FromGroupName': 'æµ‹è¯•ç¾¤', 'FromUserId': 2450459910, 'FromNickName': 'å‡¤é£žç¿±ç¿”å…®ä¸·', 'Content': 'çŠ¶æ€', 'MsgType': 'TextMsg', 'MsgTime': 1598325771, 'MsgSeq': 5500, 'MsgRandom': 1416134646, 'RedBaginfo': None}
2020-08-24 20:23 INFO	Heartbeat -> 845324058
2020-08-24 20:23 INFO	GroupMsg ->  {'FromGroupId': 959562190, 'FromGroupName': 'æµ‹è¯•ç¾¤', 'FromUserId': 2450459910, 'FromNickName': 'å‡¤é£žç¿±ç¿”å…®ä¸·', 'Content': 'å¤è¯»å“ˆå“ˆ', 'MsgType': 'TextMsg', 'MsgTime': 1598325836, 'MsgSeq': 5501, 'MsgRandom': 3657418680, 'RedBaginfo': None}
2020-08-24 20:23 INFO	GroupMsg ->  {'FromGroupId': 959562190, 'FromGroupName': 'æµ‹è¯•ç¾¤', 'FromUserId': 845324058, 'FromNickName': 'å‡¤é£žç¿±ç¿”å…®ä¸·ðŸ¤–', 'Content': 'å“ˆå“ˆ', 'MsgType': 'TextMsg', 'MsgTime': 1598325837, 'MsgSeq': 5502, 'MsgRandom': 1598325836, 'RedBaginfo': None}
2020-08-24 20:24 INFO	GroupMsg ->  {'FromGroupId': 959562190, 'FromGroupName': 'æµ‹è¯•ç¾¤', 'FromUserId': 2450459910, 'FromNickName': 'å‡¤é£žç¿±ç¿”å…®ä¸·', 'Content': 'çŠ¶æ€', 'MsgType': 'TextMsg', 'MsgTime': 1598325881, 'MsgSeq': 5503, 'MsgRandom': 2557585966, 'RedBaginfo': None}
2020-08-24 20:24 INFO	Heartbeat -> 845324058
2020-08-24 20:25 INFO	Heartbeat -> 845324058
2020-08-24 20:26 INFO	Heartbeat -> 845324058
2020-08-24 20:27 INFO	Heartbeat -> 845324058
2020-08-24 20:28 INFO	Heartbeat -> 845324058
2020-08-24 20:29 INFO	Heartbeat -> 845324058
2020-08-24 20:30 INFO	GroupMsg ->  {'FromGroupId': 959562190, 'FromGroupName': 'æµ‹è¯•ç¾¤', 'FromUserId': 2450459910, 'FromNickName': 'å‡¤é£žç¿±ç¿”å…®ä¸·', 'Content': 'çŠ¶æ€', 'MsgType': 'TextMsg', 'MsgTime': 1598326217, 'MsgSeq': 5504, 'MsgRandom': 3209807217, 'RedBaginfo': None}
2020-08-24 20:30 INFO	Heartbeat -> 845324058
2020-08-24 20:31 INFO	GroupMsg ->  {'FromGroupId': 959562190, 'FromGroupName': 'æµ‹è¯•ç¾¤', 'FromUserId': 2450459910, 'FromNickName': 'å‡¤é£žç¿±ç¿”å…®ä¸·', 'Content': 'çŠ¶æ€', 'MsgType': 'TextMsg', 'MsgTime': 1598326278, 'MsgSeq': 5505, 'MsgRandom': 1267501488, 'RedBaginfo': None}
2020-08-24 20:31 INFO	GroupMsg ->  {'FromGroupId': 661780072, 'FromGroupName': 'è‰¾ç³åŽæ´å›¢', 'FromUserId': 1326929802, 'FromNickName': 'æ™¨æ›¦', 'Content': 'æ¶©å›¾', 'MsgType': 'TextMsg', 'MsgTime': 1598326292, 'MsgSeq': 121164, 'MsgRandom': 471473684, 'RedBaginfo': None}
2020-08-24 20:31 INFO	GroupMsg ->  {'FromGroupId': 661780072, 'FromGroupName': 'è‰¾ç³åŽæ´å›¢', 'FromUserId': 2369500214, 'FromNickName': 'å‡¯éœ²', 'Content': '{"Content":"@æ™¨æ›¦  è¯·ç­‰å¾…ç‰‡åˆ»","UserID":[1326929802]}', 'MsgType': 'AtMsg', 'MsgTime': 1598326292, 'MsgSeq': 121165, 'MsgRandom': 1433581478, 'RedBaginfo': None}
2020-08-24 20:31 INFO	GroupMsg ->  {'FromGroupId': 661780072, 'FromGroupName': 'è‰¾ç³åŽæ´å›¢', 'FromUserId': 2369500214, 'FromNickName': 'å‡¯éœ²', 'Content': '{"Content":"@æ™¨æ›¦  ä»Šæ—¥å‰©ä½™ä½¿ç”¨æ¬¡æ•°ï¼š9æ¬¡","UserID":[1326929802]}', 'MsgType': 'AtMsg', 'MsgTime': 1598326292, 'MsgSeq': 121166, 'MsgRandom': 1154585674, 'RedBaginfo': None}
2020-08-24 20:31 INFO	GroupMsg ->  {'FromGroupId': 661780072, 'FromGroupName': 'è‰¾ç³åŽæ´å›¢', 'FromUserId': 2369500214, 'FromNickName': 'å‡¯éœ²', 'Content': '{"Content":"@æ™¨æ›¦  ","GroupPic":[{"FileId":0,"FileMd5":"DYg1ek8g2fnNqKHPSy0ZeA==","FileSize":0,"ForwordBuf":"CgASLHswRDg4MzU3QS00RjIwLUQ5RjktQ0RBOC1BMUNGNEIyRDE5Nzh9Lm1pcmFpGgAiACoEAAAAADJcFTYgOTJrQTEAODcyZjA2NjAzYWUxMDNiNyAgICAgIDUwICAgICAgICAgICAgICAgIHswMUU5NDUxQi03MEVELUVBRTMtQjM3Qy0xMDFGMUVFQkY1QjV9LnBuZ0E4AEAASABQAFoAYABqEA2INXpPINn5zaihz0stGXhyUi9nY2hhdHBpY19uZXcvMjM2OTUwMDIxNC82NjE3ODAwNzItMC0wRDg4MzU3QTRGMjBEOUY5Q0RBOEExQ0Y0QjJEMTk3OC8xOTg/dGVybT0yNTWCAVAvZ2NoYXRwaWNfbmV3LzIzNjk1MDAyMTQvNjYxNzgwMDcyLTAtMEQ4ODM1N0E0RjIwRDlGOUNEQThBMUNGNEIyRDE5NzgvMD90ZXJtPTI1NaABALABALgBAMABAMgBANABANgBAOABAOgBAPABAPoBUi9nY2hhdHBpY19uZXcvMjM2OTUwMDIxNC82NjE3ODAwNzItMC0wRDg4MzU3QTRGMjBEOUY5Q0RBOEExQ0Y0QjJEMTk3OC80MDA/dGVybT0yNTWAAgCIAgA=","ForwordField":8,"Url":"http://gchat.qpic.cn/gchatpic_new/2369500214/661780072-2534335053-0D88357A4F20D9F9CDA8A1CF4B2D1978/0?vuin=845324058\\u0026term=255\\u0026pictype=0"}],"Tips":"[ç¾¤å›¾ç‰‡]","UserID":[1326929802]}', 'MsgType': 'PicMsg', 'MsgTime': 1598326292, 'MsgSeq': 121167, 'MsgRandom': 124030477, 'RedBaginfo': None}
2020-08-24 20:31 INFO	GroupMsg ->  {'FromGroupId': 661780072, 'FromGroupName': 'è‰¾ç³åŽæ´å›¢', 'FromUserId': 1326929802, 'FromNickName': 'æ™¨æ›¦', 'Content': '{"GroupPic":[{"FileId":2616963307,"FileMd5":"QjW8dqOrG/67gDw6Ml0uOQ==","FileSize":14719,"ForwordBuf":"EiQ0MjM1QkM3NkEzQUIxQkZFQkI4MDNDM0EzMjVEMkUzOS5naWYyVhU2IDg2ZUExQjliZmJiMGViN2I5Nzg5N2UgICAgICA1MHZ2SW1rMnVQbmd0Y0dZemI0MjM1QkM3NkEzQUIxQkZFQkI4MDNDM0EzMjVEMkUzOS5naWZBOOvh7t8JQP6S3twHSFBQQloQdnZJbWsydVBuZ3RjR1l6YmABahBCNbx2o6sb/ruAPDoyXS45clsvZ2NoYXRwaWNfbmV3LzEzMjY5Mjk4MDIvNjYxNzgwMDcyLTI2MTY5NjMzMDctNDIzNUJDNzZBM0FCMUJGRUJCODAzQzNBMzI1RDJFMzkvMTk4P3Rlcm09MjU1ggFZL2djaGF0cGljX25ldy8xMzI2OTI5ODAyLzY2MTc4MDA3Mi0yNjE2OTYzMzA3LTQyMzVCQzc2QTNBQjFCRkVCQjgwM0MzQTMyNUQyRTM5LzA/dGVybT0yNTWgAdAPsAFAuAE1wAFnyAH/ctABANgBQOABNegBAPABAPoBWy9nY2hhdHBpY19uZXcvMTMyNjkyOTgwMi82NjE3ODAwNzItMjYxNjk2MzMwNy00MjM1QkM3NkEzQUIxQkZFQkI4MDNDM0EzMjVEMkUzOS80MDA/dGVybT0yNTWAAkCIAjWSAhwIARAAGAAyAEoOW+WKqOeUu+ihqOaDhV1QAHgF","ForwordField":8,"Url":"http://gchat.qpic.cn/gchatpic_new/1326929802/661780072-2534335053-4235BC76A3AB1BFEBB803C3A325D2E39/0?vuin=845324058\\u0026term=255\\u0026pictype=0"}],"Tips":"[ç¾¤å›¾ç‰‡]"}', 'MsgType': 'PicMsg', 'MsgTime': 1598326300, 'MsgSeq': 121168, 'MsgRandom': 408172147, 'RedBaginfo': None}
2020-08-24 20:31 INFO	Heartbeat -> 845324058
2020-08-24 20:32 INFO	EventMsg ->  {'EventData': {'AdminUserID': 2369500214, 'GroupID': 661780072, 'MsgRandom': 124030477, 'MsgSeq': 121167, 'UserID': 2369500214}, 'EventMsg': {'FromUin': 661780072, 'ToUin': 0, 'MsgType': 'ON_EVENT_GROUP_REVOKE', 'MsgSeq': 121167, 'Content': 'ç¾¤æˆå‘˜æ’¤å›žæ¶ˆæ¯äº‹ä»¶', 'RedBaginfo': None}, 'EventName': 'ON_EVENT_GROUP_REVOKE'}
2020-08-24 20:32 INFO	GroupMsg ->  {'FromGroupId': 959562190, 'FromGroupName': 'æµ‹è¯•ç¾¤', 'FromUserId': 2450459910, 'FromNickName': 'å‡¤é£žç¿±ç¿”å…®ä¸·', 'Content': 'çŠ¶æ€', 'MsgType': 'TextMsg', 'MsgTime': 1598326328, 'MsgSeq': 5506, 'MsgRandom': 3913940982, 'RedBaginfo': None}
2020-08-24 20:32 INFO	Heartbeat -> 845324058
2020-08-24 20:32 INFO	GroupMsg ->  {'FromGroupId': 959562190, 'FromGroupName': 'æµ‹è¯•ç¾¤', 'FromUserId': 2450459910, 'FromNickName': 'å‡¤é£žç¿±ç¿”å…®ä¸·', 'Content': 'çŠ¶æ€', 'MsgType': 'TextMsg', 'MsgTime': 1598326378, 'MsgSeq': 5507, 'MsgRandom': 3985286496, 'RedBaginfo': None}
2020-08-24 20:33 INFO	Heartbeat -> 845324058
2020-08-24 20:34 INFO	Heartbeat -> 845324058
2020-08-24 20:35 INFO	Heartbeat -> 845324058
2020-08-24 20:36 INFO	GroupMsg ->  {'FromGroupId': 959562190, 'FromGroupName': 'æµ‹è¯•ç¾¤', 'FromUserId': 2450459910, 'FromNickName': 'å‡¤é£žç¿±ç¿”å…®ä¸·', 'Content': 'çŠ¶æ€', 'MsgType': 'TextMsg', 'MsgTime': 1598326582, 'MsgSeq': 5508, 'MsgRandom': 1036897114, 'RedBaginfo': None}
2020-08-24 20:36 INFO	GroupMsg ->  {'FromGroupId': 959562190, 'FromGroupName': 'æµ‹è¯•ç¾¤', 'FromUserId': 2450459910, 'FromNickName': 'å‡¤é£žç¿±ç¿”å…®ä¸·', 'Content': 'çŠ¶æ€', 'MsgType': 'TextMsg', 'MsgTime': 1598326591, 'MsgSeq': 5509, 'MsgRandom': 1312905420, 'RedBaginfo': None}
2020-08-24 20:36 INFO	Heartbeat -> 845324058
2020-08-24 20:37 INFO	Heartbeat -> 845324058
2020-08-24 20:38 INFO	Heartbeat -> 845324058
2020-08-24 20:39 INFO	GroupMsg ->  {'FromGroupId': 959562190, 'FromGroupName': 'æµ‹è¯•ç¾¤', 'FromUserId': 2450459910, 'FromNickName': 'å‡¤é£žç¿±ç¿”å…®ä¸·', 'Content': 'çŠ¶æ€', 'MsgType': 'TextMsg', 'MsgTime': 1598326741, 'MsgSeq': 5510, 'MsgRandom': 3699990420, 'RedBaginfo': None}
2020-08-24 20:39 INFO	Heartbeat -> 845324058
2020-08-24 20:40 INFO	GroupMsg ->  {'FromGroupId': 959562190, 'FromGroupName': 'æµ‹è¯•ç¾¤', 'FromUserId': 2450459910, 'FromNickName': 'å‡¤é£žç¿±ç¿”å…®ä¸·', 'Content': 'çŠ¶æ€', 'MsgType': 'TextMsg', 'MsgTime': 1598326804, 'MsgSeq': 5511, 'MsgRandom': 2311889215, 'RedBaginfo': None}
2020-08-24 20:40 INFO	Heartbeat -> 845324058
